Using pre-set license
Built from '2020.2/release' branch; Version is '2020.2.2f1 (068178b99f32) revision 426360'; Using compiler version '192528614'; Build Type 'Release'
OS: 'Windows 10 Home; OS build 19042.867; Version 2009; 64bit' Language: 'ru' Physical Memory: 16333 MB
BatchMode: 1, IsHumanControllingUs: 0, StartBugReporterOnCrash: 0, Is64bit: 1, IsPro: 0

 COMMAND LINE ARGUMENTS:
C:\Program Files\Unity\Hub\Editor\2020.2.2f1\Editor\Unity.exe
-adb2
-batchMode
-noUpm
-name
AssetImportWorker0
-projectPath
C:/Users/konst/source/Online shooter
-logFile
Logs/AssetImportWorker0.log
-srvPort
65462
Successfully changed project path to: C:/Users/konst/source/Online shooter
Unable to parse file ProjectSettings/ProjectVersion.txt: [Parser Failure at line 1: Expected non empty YAML buffer]

Unable to parse file ProjectSettings/ProjectVersion.txt: [Parser Failure at line 1: Expected non empty YAML buffer]

C:/Users/konst/source/Online shooter
Using Asset Import Pipeline V2.
Refreshing native plugins compatible for Editor in 31.04 ms, found 0 plugins.
Preloading 0 native plugins for Editor in 0.00 ms.
Initialize engine version: 2020.2.2f1 (068178b99f32)
[Subsystems] Discovering subsystems at path C:/Program Files/Unity/Hub/Editor/2020.2.2f1/Editor/Data/Resources/UnitySubsystems
[Subsystems] Discovering subsystems at path C:/Users/konst/source/Online shooter/Assets
GfxDevice: creating device client; threaded=0
Direct3D:
    Version:  Direct3D 11.0 [level 11.1]
    Renderer: NVIDIA GeForce RTX 2070 SUPER (ID=0x1e84)
    Vendor:   
    VRAM:     8011 MB
    Driver:   27.21.14.5751
Initialize mono
Mono path[0] = 'C:/Program Files/Unity/Hub/Editor/2020.2.2f1/Editor/Data/Managed'
Mono path[1] = 'C:/Program Files/Unity/Hub/Editor/2020.2.2f1/Editor/Data/MonoBleedingEdge/lib/mono/unityjit'
Mono config path = 'C:/Program Files/Unity/Hub/Editor/2020.2.2f1/Editor/Data/MonoBleedingEdge/etc'
Using monoOptions --debugger-agent=transport=dt_socket,embedding=1,server=y,suspend=n,address=127.0.0.1:56340
Begin MonoManager ReloadAssembly
Registering precompiled unity dll's ...
Register platform support module: C:/Program Files/Unity/Hub/Editor/2020.2.2f1/Editor/Data/PlaybackEngines/WindowsStandaloneSupport/UnityEditor.WindowsStandalone.Extensions.dll
Registered in 0.001426 seconds.
Native extension for WindowsStandalone target not found
Refreshing native plugins compatible for Editor in 30.52 ms, found 0 plugins.
Preloading 0 native plugins for Editor in 0.00 ms.
Invoked RoslynAnalysisRunner static constructor.
RoslynAnalysisRunner will not be running.
RoslynAnalysisRunner has terminated.
Mono: successfully reloaded assembly
- Completed reload, in  1.318 seconds
Platform modules already initialized, skipping
Registering precompiled user dll's ...
Registered in 0.001749 seconds.
Begin MonoManager ReloadAssembly
Native extension for WindowsStandalone target not found
Refreshing native plugins compatible for Editor in 0.34 ms, found 0 plugins.
Preloading 0 native plugins for Editor in 0.00 ms.
Invoked RoslynAnalysisRunner static constructor.
RoslynAnalysisRunner will not be running.
RoslynAnalysisRunner has terminated.
Mono: successfully reloaded assembly
- Completed reload, in  0.806 seconds
Platform modules already initialized, skipping
========================================================================
Worker process is ready to serve import requests
Launched and connected shader compiler UnityShaderCompiler.exe after 0.03 seconds
Refreshing native plugins compatible for Editor in 0.33 ms, found 0 plugins.
Preloading 0 native plugins for Editor in 0.00 ms.
Unloading 1748 Unused Serialized files (Serialized files now loaded: 0)
System memory in use before: 167.3 MB.
System memory in use after: 167.3 MB.

Unloading 86 unused Assets to reduce memory usage. Loaded Objects now: 2202.
Total: 1.925900 ms (FindLiveObjects: 0.163400 ms CreateObjectMapping: 0.046500 ms MarkObjects: 1.580200 ms  DeleteObjects: 0.134900 ms)

========================================================================
Received Import Request.
  path: Assets/Prefabs/GameManager.prefab
  artifactKey: Guid(de852e0395a2ea142a63ff3d8da08620) Importer(815301076,1909f56bfc062723c751e8b465ee728b)
Start importing Assets/Prefabs/GameManager.prefab using Guid(de852e0395a2ea142a63ff3d8da08620) Importer(815301076,1909f56bfc062723c751e8b465ee728b)  -> (artifact id: '227300a47ce1dae2a01fe1922d4c81e1') in 0.102864 seconds
  Import took 0.106081 seconds .

========================================================================
Received Import Request.
  Time since last request: 2.699268 seconds.
  path: Assets/Prefabs/GameManager 1.prefab
  artifactKey: Guid(9ddc7537aca144e40b55f2bb59080805) Importer(815301076,1909f56bfc062723c751e8b465ee728b)
Start importing Assets/Prefabs/GameManager 1.prefab using Guid(9ddc7537aca144e40b55f2bb59080805) Importer(815301076,1909f56bfc062723c751e8b465ee728b)  -> (artifact id: 'd26e4ebc0dc987c9486586e75227c22e') in 0.034428 seconds
  Import took 0.037879 seconds .

========================================================================
Received Import Request.
  Time since last request: 0.002285 seconds.
  path: Assets/Prefabs/GameManager 1.prefab
  artifactKey: Guid(9ddc7537aca144e40b55f2bb59080805) Importer(815301076,1909f56bfc062723c751e8b465ee728b)
Start importing Assets/Prefabs/GameManager 1.prefab using Guid(9ddc7537aca144e40b55f2bb59080805) Importer(815301076,1909f56bfc062723c751e8b465ee728b)  -> (artifact id: 'd26e4ebc0dc987c9486586e75227c22e') in 0.027128 seconds
  Import took 0.030087 seconds .

========================================================================
Received Import Request.
  Time since last request: 81.767657 seconds.
  path: Assets/Prefabs/SpawnPoints
  artifactKey: Guid(7630955aa2518b74da4fcb3c1cba897e) Importer(815301076,1909f56bfc062723c751e8b465ee728b)
Start importing Assets/Prefabs/SpawnPoints using Guid(7630955aa2518b74da4fcb3c1cba897e) Importer(815301076,1909f56bfc062723c751e8b465ee728b)  -> (artifact id: '64a7748393b9e1576e42b3e77b9bf1c7') in 0.005247 seconds
  Import took 0.008055 seconds .

========================================================================
Received Import Request.
  Time since last request: 33.645542 seconds.
  path: Assets/Prefabs/SpawnPoints/SpawnPoint.prefab
  artifactKey: Guid(3666b5e6d24282c4a84c317e1e18004e) Importer(815301076,1909f56bfc062723c751e8b465ee728b)
Start importing Assets/Prefabs/SpawnPoints/SpawnPoint.prefab using Guid(3666b5e6d24282c4a84c317e1e18004e) Importer(815301076,1909f56bfc062723c751e8b465ee728b)  -> (artifact id: '5e9d8f7c9e7b6ace61b70e386204482b') in 0.006357 seconds
  Import took 0.009555 seconds .

========================================================================
Received Import Request.
  Time since last request: 2.470912 seconds.
  path: Assets/Prefabs/SpawnPoints/SpawnPoint (1).prefab
  artifactKey: Guid(34592cbb53ddd9342932e74631f88114) Importer(815301076,1909f56bfc062723c751e8b465ee728b)
Start importing Assets/Prefabs/SpawnPoints/SpawnPoint (1).prefab using Guid(34592cbb53ddd9342932e74631f88114) Importer(815301076,1909f56bfc062723c751e8b465ee728b)  -> (artifact id: '51b18c5061b6f42298b732dbef7607ea') in 0.006090 seconds
  Import took 0.008811 seconds .

========================================================================
Received Import Request.
  Time since last request: 0.005426 seconds.
  path: Assets/Prefabs/SpawnPoints/SpawnPoint (1).prefab
  artifactKey: Guid(34592cbb53ddd9342932e74631f88114) Importer(815301076,1909f56bfc062723c751e8b465ee728b)
Start importing Assets/Prefabs/SpawnPoints/SpawnPoint (1).prefab using Guid(34592cbb53ddd9342932e74631f88114) Importer(815301076,1909f56bfc062723c751e8b465ee728b)  -> (artifact id: '51b18c5061b6f42298b732dbef7607ea') in 0.003368 seconds
  Import took 0.005710 seconds .

========================================================================
Received Import Request.
  Time since last request: 1.488021 seconds.
  path: Assets/Prefabs/SpawnPoints/SpawnPoint (2).prefab
  artifactKey: Guid(ba9740cac3b4a5249b8f4a5879af49bb) Importer(815301076,1909f56bfc062723c751e8b465ee728b)
Start importing Assets/Prefabs/SpawnPoints/SpawnPoint (2).prefab using Guid(ba9740cac3b4a5249b8f4a5879af49bb) Importer(815301076,1909f56bfc062723c751e8b465ee728b)  -> (artifact id: '1bfa2c7c9eb88d880190182bf26e535e') in 0.006016 seconds
  Import took 0.008602 seconds .

========================================================================
Received Import Request.
  Time since last request: 0.003609 seconds.
  path: Assets/Prefabs/SpawnPoints/SpawnPoint (2).prefab
  artifactKey: Guid(ba9740cac3b4a5249b8f4a5879af49bb) Importer(815301076,1909f56bfc062723c751e8b465ee728b)
Start importing Assets/Prefabs/SpawnPoints/SpawnPoint (2).prefab using Guid(ba9740cac3b4a5249b8f4a5879af49bb) Importer(815301076,1909f56bfc062723c751e8b465ee728b)  -> (artifact id: '1bfa2c7c9eb88d880190182bf26e535e') in 0.003453 seconds
  Import took 0.005900 seconds .

========================================================================
Received Import Request.
  Time since last request: 1.306421 seconds.
  path: Assets/Prefabs/SpawnPoints/SpawnPoint (3).prefab
  artifactKey: Guid(a557019010f324d4cb2630c57d5b464c) Importer(815301076,1909f56bfc062723c751e8b465ee728b)
Start importing Assets/Prefabs/SpawnPoints/SpawnPoint (3).prefab using Guid(a557019010f324d4cb2630c57d5b464c) Importer(815301076,1909f56bfc062723c751e8b465ee728b)  -> (artifact id: '6da465a2ac5ea5893ff077fb333ea1bc') in 0.006105 seconds
  Import took 0.008762 seconds .

========================================================================
Received Import Request.
  Time since last request: 0.003842 seconds.
  path: Assets/Prefabs/SpawnPoints/SpawnPoint (3).prefab
  artifactKey: Guid(a557019010f324d4cb2630c57d5b464c) Importer(815301076,1909f56bfc062723c751e8b465ee728b)
Start importing Assets/Prefabs/SpawnPoints/SpawnPoint (3).prefab using Guid(a557019010f324d4cb2630c57d5b464c) Importer(815301076,1909f56bfc062723c751e8b465ee728b)  -> (artifact id: '6da465a2ac5ea5893ff077fb333ea1bc') in 0.003128 seconds
  Import took 0.005367 seconds .

========================================================================
Received Import Request.
  Time since last request: 1.394872 seconds.
  path: Assets/Prefabs/SpawnPoints/SpawnPoint (4).prefab
  artifactKey: Guid(272f546ca610a2a4dbaff81a6a247e21) Importer(815301076,1909f56bfc062723c751e8b465ee728b)
Start importing Assets/Prefabs/SpawnPoints/SpawnPoint (4).prefab using Guid(272f546ca610a2a4dbaff81a6a247e21) Importer(815301076,1909f56bfc062723c751e8b465ee728b)  -> (artifact id: 'd22704025d27e8cf232dc0bf55306650') in 0.006257 seconds
  Import took 0.008989 seconds .

========================================================================
Received Import Request.
  Time since last request: 0.003458 seconds.
  path: Assets/Prefabs/SpawnPoints/SpawnPoint (4).prefab
  artifactKey: Guid(272f546ca610a2a4dbaff81a6a247e21) Importer(815301076,1909f56bfc062723c751e8b465ee728b)
Start importing Assets/Prefabs/SpawnPoints/SpawnPoint (4).prefab using Guid(272f546ca610a2a4dbaff81a6a247e21) Importer(815301076,1909f56bfc062723c751e8b465ee728b)  -> (artifact id: 'd22704025d27e8cf232dc0bf55306650') in 0.003207 seconds
  Import took 0.005626 seconds .

========================================================================
Received Import Request.
  Time since last request: 1.407156 seconds.
  path: Assets/Prefabs/SpawnPoints/SpawnPoint (5).prefab
  artifactKey: Guid(91bc268bbb99b464482a824b8f127ba5) Importer(815301076,1909f56bfc062723c751e8b465ee728b)
Start importing Assets/Prefabs/SpawnPoints/SpawnPoint (5).prefab using Guid(91bc268bbb99b464482a824b8f127ba5) Importer(815301076,1909f56bfc062723c751e8b465ee728b)  -> (artifact id: 'd8e8b9ce55bfe1dc97fd4e8d0b46f839') in 0.006202 seconds
  Import took 0.009223 seconds .

========================================================================
Received Import Request.
  Time since last request: 0.003382 seconds.
  path: Assets/Prefabs/SpawnPoints/SpawnPoint (5).prefab
  artifactKey: Guid(91bc268bbb99b464482a824b8f127ba5) Importer(815301076,1909f56bfc062723c751e8b465ee728b)
Start importing Assets/Prefabs/SpawnPoints/SpawnPoint (5).prefab using Guid(91bc268bbb99b464482a824b8f127ba5) Importer(815301076,1909f56bfc062723c751e8b465ee728b)  -> (artifact id: 'd8e8b9ce55bfe1dc97fd4e8d0b46f839') in 0.003324 seconds
  Import took 0.005657 seconds .

========================================================================
Received Import Request.
  Time since last request: 27.249024 seconds.
  path: Assets/Prefabs/GameManager.prefab
  artifactKey: Guid(de852e0395a2ea142a63ff3d8da08620) Importer(815301076,1909f56bfc062723c751e8b465ee728b)
Start importing Assets/Prefabs/GameManager.prefab using Guid(de852e0395a2ea142a63ff3d8da08620) Importer(815301076,1909f56bfc062723c751e8b465ee728b)  -> (artifact id: '5798e713ac1ce9c1578419c9135251a4') in 0.026699 seconds
  Import took 0.030039 seconds .

========================================================================
Received Import Request.
  Time since last request: 0.568947 seconds.
  path: Assets/Prefabs/GameManager.prefab
  artifactKey: Guid(de852e0395a2ea142a63ff3d8da08620) Importer(815301076,1909f56bfc062723c751e8b465ee728b)
Start importing Assets/Prefabs/GameManager.prefab using Guid(de852e0395a2ea142a63ff3d8da08620) Importer(815301076,1909f56bfc062723c751e8b465ee728b)  -> (artifact id: '37db86f709f7c2fa6694652668e40a02') in 0.025377 seconds
  Import took 0.028785 seconds .

========================================================================
Received Import Request.
  Time since last request: 0.373095 seconds.
  path: Assets/Prefabs/GameManager.prefab
  artifactKey: Guid(de852e0395a2ea142a63ff3d8da08620) Importer(815301076,1909f56bfc062723c751e8b465ee728b)
Start importing Assets/Prefabs/GameManager.prefab using Guid(de852e0395a2ea142a63ff3d8da08620) Importer(815301076,1909f56bfc062723c751e8b465ee728b)  -> (artifact id: '8836d868d710b38f43086eab76551822') in 0.025384 seconds
  Import took 0.028533 seconds .

========================================================================
Received Import Request.
  Time since last request: 0.378870 seconds.
  path: Assets/Prefabs/GameManager.prefab
  artifactKey: Guid(de852e0395a2ea142a63ff3d8da08620) Importer(815301076,1909f56bfc062723c751e8b465ee728b)
Start importing Assets/Prefabs/GameManager.prefab using Guid(de852e0395a2ea142a63ff3d8da08620) Importer(815301076,1909f56bfc062723c751e8b465ee728b)  -> (artifact id: '47fe216190e8370c6bf000ff060d7602') in 0.025881 seconds
  Import took 0.028825 seconds .

========================================================================
Received Import Request.
  Time since last request: 0.576882 seconds.
  path: Assets/Prefabs/GameManager.prefab
  artifactKey: Guid(de852e0395a2ea142a63ff3d8da08620) Importer(815301076,1909f56bfc062723c751e8b465ee728b)
Start importing Assets/Prefabs/GameManager.prefab using Guid(de852e0395a2ea142a63ff3d8da08620) Importer(815301076,1909f56bfc062723c751e8b465ee728b)  -> (artifact id: 'f5a7e12277ead94285e5675f081645f8') in 0.025565 seconds
  Import took 0.028686 seconds .

========================================================================
Received Import Request.
  Time since last request: 14.572675 seconds.
  path: Assets/Prefabs/GameManager.prefab
  artifactKey: Guid(de852e0395a2ea142a63ff3d8da08620) Importer(815301076,1909f56bfc062723c751e8b465ee728b)
Start importing Assets/Prefabs/GameManager.prefab using Guid(de852e0395a2ea142a63ff3d8da08620) Importer(815301076,1909f56bfc062723c751e8b465ee728b)  -> (artifact id: 'aed59ae64ed0c2c2acab75dc7cba950e') in 0.026695 seconds
  Import took 0.029881 seconds .

========================================================================
Received Import Request.
  Time since last request: 5.406999 seconds.
  path: Assets/Prefabs/GameManager.prefab
  artifactKey: Guid(de852e0395a2ea142a63ff3d8da08620) Importer(815301076,1909f56bfc062723c751e8b465ee728b)
Start importing Assets/Prefabs/GameManager.prefab using Guid(de852e0395a2ea142a63ff3d8da08620) Importer(815301076,1909f56bfc062723c751e8b465ee728b)  -> (artifact id: 'd220fde6eafa8e6a1f094581f14b4ba0') in 0.025783 seconds
  Import took 0.028620 seconds .

========================================================================
Received Import Request.
  Time since last request: 4.000077 seconds.
  path: Assets/Prefabs/GameManager.prefab
  artifactKey: Guid(de852e0395a2ea142a63ff3d8da08620) Importer(815301076,1909f56bfc062723c751e8b465ee728b)
Start importing Assets/Prefabs/GameManager.prefab using Guid(de852e0395a2ea142a63ff3d8da08620) Importer(815301076,1909f56bfc062723c751e8b465ee728b)  -> (artifact id: '2a9fcfe229cf66261adf7402de40cbb8') in 0.025806 seconds
  Import took 0.028655 seconds .

========================================================================
Received Import Request.
  Time since last request: 4.189470 seconds.
  path: Assets/Prefabs/GameManager.prefab
  artifactKey: Guid(de852e0395a2ea142a63ff3d8da08620) Importer(815301076,1909f56bfc062723c751e8b465ee728b)
Start importing Assets/Prefabs/GameManager.prefab using Guid(de852e0395a2ea142a63ff3d8da08620) Importer(815301076,1909f56bfc062723c751e8b465ee728b)  -> (artifact id: '7236771334f6ceff982cfac8e4c57bba') in 0.027183 seconds
  Import took 0.030180 seconds .

========================================================================
Received Import Request.
  Time since last request: 3.392110 seconds.
  path: Assets/Prefabs/GameManager.prefab
  artifactKey: Guid(de852e0395a2ea142a63ff3d8da08620) Importer(815301076,1909f56bfc062723c751e8b465ee728b)
Start importing Assets/Prefabs/GameManager.prefab using Guid(de852e0395a2ea142a63ff3d8da08620) Importer(815301076,1909f56bfc062723c751e8b465ee728b)  -> (artifact id: '390066fbb6707685d0b4a2e33da0dfae') in 0.026191 seconds
  Import took 0.029676 seconds .

========================================================================
Received Import Request.
  Time since last request: 2.597521 seconds.
  path: Assets/Prefabs/GameManager.prefab
  artifactKey: Guid(de852e0395a2ea142a63ff3d8da08620) Importer(815301076,1909f56bfc062723c751e8b465ee728b)
Start importing Assets/Prefabs/GameManager.prefab using Guid(de852e0395a2ea142a63ff3d8da08620) Importer(815301076,1909f56bfc062723c751e8b465ee728b)  -> (artifact id: '7c098e8f57d3e3736d56c114808102f0') in 0.026871 seconds
  Import took 0.030121 seconds .

========================================================================
Received Import Request.
  Time since last request: 31.784122 seconds.
  path: Assets/Resources/FirstPerson.prefab
  artifactKey: Guid(28411ce998c71724fb58c0fc66abbdd5) Importer(815301076,1909f56bfc062723c751e8b465ee728b)
Start importing Assets/Resources/FirstPerson.prefab using Guid(28411ce998c71724fb58c0fc66abbdd5) Importer(815301076,1909f56bfc062723c751e8b465ee728b)  -> (artifact id: '84a5cbcfc0a0f438ef09d63ca2478dca') in 0.086084 seconds
  Import took 0.089127 seconds .

========================================================================
Received Prepare
Registering precompiled user dll's ...
Registered in 0.002036 seconds.
Begin MonoManager ReloadAssembly
Native extension for WindowsStandalone target not found
Refreshing native plugins compatible for Editor in 0.37 ms, found 0 plugins.
Preloading 0 native plugins for Editor in 0.00 ms.
Warning: Annotation not found!
UnityEngine.StackTraceUtility:ExtractStackTrace ()
UnityEditor.ProBuilder.EditorUtility:SetGizmoIconEnabled (System.Type,bool) (at Library/PackageCache/com.unity.probuilder@4.4.0/Editor/EditorCore/EditorUtility.cs:593)
UnityEditor.ProBuilder.HierarchyListener:.cctor () (at Library/PackageCache/com.unity.probuilder@4.4.0/Editor/EditorCore/HierarchyListener.cs:21)
System.Runtime.CompilerServices.RuntimeHelpers:RunClassConstructor (System.RuntimeTypeHandle)
UnityEditor.EditorAssemblies:ProcessInitializeOnLoadAttributes (System.Type[])

[Library/PackageCache/com.unity.probuilder@4.4.0/Editor/EditorCore/EditorUtility.cs line 593]

Invoked RoslynAnalysisRunner static constructor.
RoslynAnalysisRunner will not be running.
RoslynAnalysisRunner has terminated.
Mono: successfully reloaded assembly
- Completed reload, in  0.787 seconds
Platform modules already initialized, skipping
Refreshing native plugins compatible for Editor in 0.36 ms, found 0 plugins.
Preloading 0 native plugins for Editor in 0.00 ms.
Unloading 1700 Unused Serialized files (Serialized files now loaded: 0)
System memory in use before: 168.3 MB.
System memory in use after: 168.4 MB.

Unloading 13 unused Assets to reduce memory usage. Loaded Objects now: 2214.
Total: 1.986300 ms (FindLiveObjects: 0.201700 ms CreateObjectMapping: 0.048600 ms MarkObjects: 1.661100 ms  DeleteObjects: 0.073800 ms)

========================================================================
Received Prepare
Refreshing native plugins compatible for Editor in 1.54 ms, found 0 plugins.
Preloading 0 native plugins for Editor in 0.00 ms.
Unloading 8 Unused Serialized files (Serialized files now loaded: 0)
System memory in use before: 134.9 MB.
System memory in use after: 135.0 MB.

Unloading 8 unused Assets to reduce memory usage. Loaded Objects now: 2214.
Total: 1.996300 ms (FindLiveObjects: 0.211300 ms CreateObjectMapping: 0.048000 ms MarkObjects: 1.669100 ms  DeleteObjects: 0.066700 ms)

========================================================================
Received Prepare
Registering precompiled user dll's ...
Registered in 0.001739 seconds.
Begin MonoManager ReloadAssembly
Native extension for WindowsStandalone target not found
Refreshing native plugins compatible for Editor in 0.35 ms, found 0 plugins.
Preloading 0 native plugins for Editor in 0.00 ms.
Warning: Annotation not found!
UnityEngine.StackTraceUtility:ExtractStackTrace ()
UnityEditor.ProBuilder.EditorUtility:SetGizmoIconEnabled (System.Type,bool) (at Library/PackageCache/com.unity.probuilder@4.4.0/Editor/EditorCore/EditorUtility.cs:593)
UnityEditor.ProBuilder.HierarchyListener:.cctor () (at Library/PackageCache/com.unity.probuilder@4.4.0/Editor/EditorCore/HierarchyListener.cs:21)
System.Runtime.CompilerServices.RuntimeHelpers:RunClassConstructor (System.RuntimeTypeHandle)
UnityEditor.EditorAssemblies:ProcessInitializeOnLoadAttributes (System.Type[])

[Library/PackageCache/com.unity.probuilder@4.4.0/Editor/EditorCore/EditorUtility.cs line 593]

Invoked RoslynAnalysisRunner static constructor.
RoslynAnalysisRunner will not be running.
RoslynAnalysisRunner has terminated.
Mono: successfully reloaded assembly
- Completed reload, in  0.665 seconds
Platform modules already initialized, skipping
Refreshing native plugins compatible for Editor in 0.35 ms, found 0 plugins.
Preloading 0 native plugins for Editor in 0.00 ms.
Unloading 1700 Unused Serialized files (Serialized files now loaded: 0)
System memory in use before: 168.3 MB.
System memory in use after: 168.4 MB.

Unloading 10 unused Assets to reduce memory usage. Loaded Objects now: 2217.
Total: 1.840500 ms (FindLiveObjects: 0.172600 ms CreateObjectMapping: 0.039300 ms MarkObjects: 1.568200 ms  DeleteObjects: 0.059400 ms)

========================================================================
Received Prepare
Registering precompiled user dll's ...
Registered in 0.001877 seconds.
Begin MonoManager ReloadAssembly
Native extension for WindowsStandalone target not found
Refreshing native plugins compatible for Editor in 0.35 ms, found 0 plugins.
Preloading 0 native plugins for Editor in 0.00 ms.
Warning: Annotation not found!
UnityEngine.StackTraceUtility:ExtractStackTrace ()
UnityEditor.ProBuilder.EditorUtility:SetGizmoIconEnabled (System.Type,bool) (at Library/PackageCache/com.unity.probuilder@4.4.0/Editor/EditorCore/EditorUtility.cs:593)
UnityEditor.ProBuilder.HierarchyListener:.cctor () (at Library/PackageCache/com.unity.probuilder@4.4.0/Editor/EditorCore/HierarchyListener.cs:21)
System.Runtime.CompilerServices.RuntimeHelpers:RunClassConstructor (System.RuntimeTypeHandle)
UnityEditor.EditorAssemblies:ProcessInitializeOnLoadAttributes (System.Type[])

[Library/PackageCache/com.unity.probuilder@4.4.0/Editor/EditorCore/EditorUtility.cs line 593]

Invoked RoslynAnalysisRunner static constructor.
RoslynAnalysisRunner will not be running.
RoslynAnalysisRunner has terminated.
Mono: successfully reloaded assembly
- Completed reload, in  0.674 seconds
Platform modules already initialized, skipping
Refreshing native plugins compatible for Editor in 0.42 ms, found 0 plugins.
Preloading 0 native plugins for Editor in 0.00 ms.
Unloading 1700 Unused Serialized files (Serialized files now loaded: 0)
System memory in use before: 168.3 MB.
System memory in use after: 168.4 MB.

Unloading 10 unused Assets to reduce memory usage. Loaded Objects now: 2220.
Total: 1.977500 ms (FindLiveObjects: 0.205800 ms CreateObjectMapping: 0.045700 ms MarkObjects: 1.661900 ms  DeleteObjects: 0.063200 ms)

========================================================================
Received Prepare
Refreshing native plugins compatible for Editor in 1.50 ms, found 0 plugins.
Preloading 0 native plugins for Editor in 0.00 ms.
Unloading 8 Unused Serialized files (Serialized files now loaded: 0)
System memory in use before: 134.9 MB.
System memory in use after: 135.0 MB.

Unloading 8 unused Assets to reduce memory usage. Loaded Objects now: 2220.
Total: 1.996200 ms (FindLiveObjects: 0.191500 ms CreateObjectMapping: 0.045500 ms MarkObjects: 1.698100 ms  DeleteObjects: 0.060000 ms)

========================================================================
Received Prepare
Registering precompiled user dll's ...
Registered in 0.001907 seconds.
Begin MonoManager ReloadAssembly
Native extension for WindowsStandalone target not found
Refreshing native plugins compatible for Editor in 0.40 ms, found 0 plugins.
Preloading 0 native plugins for Editor in 0.00 ms.
Warning: Annotation not found!
UnityEngine.StackTraceUtility:ExtractStackTrace ()
UnityEditor.ProBuilder.EditorUtility:SetGizmoIconEnabled (System.Type,bool) (at Library/PackageCache/com.unity.probuilder@4.4.0/Editor/EditorCore/EditorUtility.cs:593)
UnityEditor.ProBuilder.HierarchyListener:.cctor () (at Library/PackageCache/com.unity.probuilder@4.4.0/Editor/EditorCore/HierarchyListener.cs:21)
System.Runtime.CompilerServices.RuntimeHelpers:RunClassConstructor (System.RuntimeTypeHandle)
UnityEditor.EditorAssemblies:ProcessInitializeOnLoadAttributes (System.Type[])

[Library/PackageCache/com.unity.probuilder@4.4.0/Editor/EditorCore/EditorUtility.cs line 593]

Invoked RoslynAnalysisRunner static constructor.
RoslynAnalysisRunner will not be running.
RoslynAnalysisRunner has terminated.
Mono: successfully reloaded assembly
- Completed reload, in  0.725 seconds
Platform modules already initialized, skipping
Refreshing native plugins compatible for Editor in 0.37 ms, found 0 plugins.
Preloading 0 native plugins for Editor in 0.00 ms.
Unloading 1700 Unused Serialized files (Serialized files now loaded: 0)
System memory in use before: 168.4 MB.
System memory in use after: 168.5 MB.

Unloading 10 unused Assets to reduce memory usage. Loaded Objects now: 2223.
Total: 2.011500 ms (FindLiveObjects: 0.195700 ms CreateObjectMapping: 0.039400 ms MarkObjects: 1.705600 ms  DeleteObjects: 0.070000 ms)

========================================================================
Received Prepare
Registering precompiled user dll's ...
Registered in 0.002109 seconds.
Begin MonoManager ReloadAssembly
Native extension for WindowsStandalone target not found
Refreshing native plugins compatible for Editor in 0.42 ms, found 0 plugins.
Preloading 0 native plugins for Editor in 0.00 ms.
Warning: Annotation not found!
UnityEngine.StackTraceUtility:ExtractStackTrace ()
UnityEditor.ProBuilder.EditorUtility:SetGizmoIconEnabled (System.Type,bool) (at Library/PackageCache/com.unity.probuilder@4.4.0/Editor/EditorCore/EditorUtility.cs:593)
UnityEditor.ProBuilder.HierarchyListener:.cctor () (at Library/PackageCache/com.unity.probuilder@4.4.0/Editor/EditorCore/HierarchyListener.cs:21)
System.Runtime.CompilerServices.RuntimeHelpers:RunClassConstructor (System.RuntimeTypeHandle)
UnityEditor.EditorAssemblies:ProcessInitializeOnLoadAttributes (System.Type[])

[Library/PackageCache/com.unity.probuilder@4.4.0/Editor/EditorCore/EditorUtility.cs line 593]

Invoked RoslynAnalysisRunner static constructor.
RoslynAnalysisRunner will not be running.
RoslynAnalysisRunner has terminated.
Mono: successfully reloaded assembly
- Completed reload, in  0.697 seconds
Platform modules already initialized, skipping
Refreshing native plugins compatible for Editor in 0.35 ms, found 0 plugins.
Preloading 0 native plugins for Editor in 0.00 ms.
Unloading 1700 Unused Serialized files (Serialized files now loaded: 0)
System memory in use before: 168.4 MB.
System memory in use after: 168.5 MB.

Unloading 10 unused Assets to reduce memory usage. Loaded Objects now: 2226.
Total: 1.946300 ms (FindLiveObjects: 0.194600 ms CreateObjectMapping: 0.044700 ms MarkObjects: 1.643400 ms  DeleteObjects: 0.062500 ms)

========================================================================
Received Prepare
Refreshing native plugins compatible for Editor in 1.53 ms, found 0 plugins.
Preloading 0 native plugins for Editor in 0.00 ms.
Unloading 8 Unused Serialized files (Serialized files now loaded: 0)
System memory in use before: 134.9 MB.
System memory in use after: 135.0 MB.

Unloading 8 unused Assets to reduce memory usage. Loaded Objects now: 2226.
Total: 1.950900 ms (FindLiveObjects: 0.197600 ms CreateObjectMapping: 0.043400 ms MarkObjects: 1.644600 ms  DeleteObjects: 0.064500 ms)

========================================================================
Received Prepare
Registering precompiled user dll's ...
Registered in 0.001688 seconds.
Begin MonoManager ReloadAssembly
Native extension for WindowsStandalone target not found
Refreshing native plugins compatible for Editor in 0.33 ms, found 0 plugins.
Preloading 0 native plugins for Editor in 0.00 ms.
Warning: Annotation not found!
UnityEngine.StackTraceUtility:ExtractStackTrace ()
UnityEditor.ProBuilder.EditorUtility:SetGizmoIconEnabled (System.Type,bool) (at Library/PackageCache/com.unity.probuilder@4.4.0/Editor/EditorCore/EditorUtility.cs:593)
UnityEditor.ProBuilder.HierarchyListener:.cctor () (at Library/PackageCache/com.unity.probuilder@4.4.0/Editor/EditorCore/HierarchyListener.cs:21)
System.Runtime.CompilerServices.RuntimeHelpers:RunClassConstructor (System.RuntimeTypeHandle)
UnityEditor.EditorAssemblies:ProcessInitializeOnLoadAttributes (System.Type[])

[Library/PackageCache/com.unity.probuilder@4.4.0/Editor/EditorCore/EditorUtility.cs line 593]

Invoked RoslynAnalysisRunner static constructor.
RoslynAnalysisRunner will not be running.
RoslynAnalysisRunner has terminated.
Mono: successfully reloaded assembly
- Completed reload, in  0.653 seconds
Platform modules already initialized, skipping
Refreshing native plugins compatible for Editor in 0.34 ms, found 0 plugins.
Preloading 0 native plugins for Editor in 0.00 ms.
Unloading 1700 Unused Serialized files (Serialized files now loaded: 0)
System memory in use before: 168.4 MB.
System memory in use after: 168.5 MB.

Unloading 10 unused Assets to reduce memory usage. Loaded Objects now: 2229.
Total: 2.020200 ms (FindLiveObjects: 0.190500 ms CreateObjectMapping: 0.044600 ms MarkObjects: 1.722500 ms  DeleteObjects: 0.061800 ms)

========================================================================
Received Import Request.
  Time since last request: 375.337910 seconds.
  path: Assets/Resources/FirstPerson.prefab
  artifactKey: Guid(28411ce998c71724fb58c0fc66abbdd5) Importer(815301076,1909f56bfc062723c751e8b465ee728b)
Start importing Assets/Resources/FirstPerson.prefab using Guid(28411ce998c71724fb58c0fc66abbdd5) Importer(815301076,1909f56bfc062723c751e8b465ee728b)  -> (artifact id: '7224b35385727e72fdb3d6dc89d2ae69') in 0.115336 seconds
  Import took 0.118525 seconds .

========================================================================
Received Import Request.
  Time since last request: 3.505069 seconds.
  path: Assets/Resources/FirstPerson.prefab
  artifactKey: Guid(28411ce998c71724fb58c0fc66abbdd5) Importer(815301076,1909f56bfc062723c751e8b465ee728b)
Start importing Assets/Resources/FirstPerson.prefab using Guid(28411ce998c71724fb58c0fc66abbdd5) Importer(815301076,1909f56bfc062723c751e8b465ee728b)  -> (artifact id: '2fd3c901c134271e0e1b670a92ac532c') in 0.038393 seconds
  Import took 0.041748 seconds .

========================================================================
Received Prepare
Refreshing native plugins compatible for Editor in 1.58 ms, found 0 plugins.
Preloading 0 native plugins for Editor in 0.00 ms.
Unloading 8 Unused Serialized files (Serialized files now loaded: 0)
System memory in use before: 136.5 MB.
System memory in use after: 136.6 MB.

Unloading 11 unused Assets to reduce memory usage. Loaded Objects now: 2230.
Total: 1.963000 ms (FindLiveObjects: 0.181300 ms CreateObjectMapping: 0.043100 ms MarkObjects: 1.667800 ms  DeleteObjects: 0.070000 ms)

========================================================================
Received Prepare
Registering precompiled user dll's ...
Registered in 0.002122 seconds.
Begin MonoManager ReloadAssembly
Native extension for WindowsStandalone target not found
Refreshing native plugins compatible for Editor in 0.37 ms, found 0 plugins.
Preloading 0 native plugins for Editor in 0.00 ms.
Warning: Annotation not found!
UnityEngine.StackTraceUtility:ExtractStackTrace ()
UnityEditor.ProBuilder.EditorUtility:SetGizmoIconEnabled (System.Type,bool) (at Library/PackageCache/com.unity.probuilder@4.4.0/Editor/EditorCore/EditorUtility.cs:593)
UnityEditor.ProBuilder.HierarchyListener:.cctor () (at Library/PackageCache/com.unity.probuilder@4.4.0/Editor/EditorCore/HierarchyListener.cs:21)
System.Runtime.CompilerServices.RuntimeHelpers:RunClassConstructor (System.RuntimeTypeHandle)
UnityEditor.EditorAssemblies:ProcessInitializeOnLoadAttributes (System.Type[])

[Library/PackageCache/com.unity.probuilder@4.4.0/Editor/EditorCore/EditorUtility.cs line 593]

Invoked RoslynAnalysisRunner static constructor.
RoslynAnalysisRunner will not be running.
RoslynAnalysisRunner has terminated.
Mono: successfully reloaded assembly
- Completed reload, in  0.723 seconds
Platform modules already initialized, skipping
Refreshing native plugins compatible for Editor in 0.36 ms, found 0 plugins.
Preloading 0 native plugins for Editor in 0.00 ms.
Unloading 1700 Unused Serialized files (Serialized files now loaded: 0)
System memory in use before: 168.4 MB.
System memory in use after: 168.5 MB.

Unloading 10 unused Assets to reduce memory usage. Loaded Objects now: 2233.
Total: 1.938500 ms (FindLiveObjects: 0.194300 ms CreateObjectMapping: 0.039800 ms MarkObjects: 1.637500 ms  DeleteObjects: 0.066100 ms)

========================================================================
Received Import Request.
  Time since last request: 92.148714 seconds.
  path: Assets/Scenes/PoligoneScene.unity
  artifactKey: Guid(9fc0d4010bbf28b4594072e72b8655ab) Importer(815301076,1909f56bfc062723c751e8b465ee728b)
Start importing Assets/Scenes/PoligoneScene.unity using Guid(9fc0d4010bbf28b4594072e72b8655ab) Importer(815301076,1909f56bfc062723c751e8b465ee728b)  -> (artifact id: '731e3564d7d6ec589ad1842c088ad614') in 0.011524 seconds
  Import took 0.014285 seconds .

========================================================================
Received Import Request.
  Time since last request: 68.946833 seconds.
  path: Assets/Prefabs/GameManager.prefab
  artifactKey: Guid(de852e0395a2ea142a63ff3d8da08620) Importer(815301076,1909f56bfc062723c751e8b465ee728b)
Start importing Assets/Prefabs/GameManager.prefab using Guid(de852e0395a2ea142a63ff3d8da08620) Importer(815301076,1909f56bfc062723c751e8b465ee728b)  -> (artifact id: 'abf3502ca5f9149821bdd77f457fd14e') in 0.077654 seconds
  Import took 0.081192 seconds .

========================================================================
Received Import Request.
  Time since last request: 58.979934 seconds.
  path: Assets/Prefabs/GameManager.prefab
  artifactKey: Guid(de852e0395a2ea142a63ff3d8da08620) Importer(815301076,1909f56bfc062723c751e8b465ee728b)
Start importing Assets/Prefabs/GameManager.prefab using Guid(de852e0395a2ea142a63ff3d8da08620) Importer(815301076,1909f56bfc062723c751e8b465ee728b)  -> (artifact id: 'f698b719f009cae410a6bc3d6d56870d') in 0.028691 seconds
  Import took 0.031798 seconds .

========================================================================
Received Import Request.
  Time since last request: 1.805955 seconds.
  path: Assets/Prefabs/GameManager.prefab
  artifactKey: Guid(de852e0395a2ea142a63ff3d8da08620) Importer(815301076,1909f56bfc062723c751e8b465ee728b)
Start importing Assets/Prefabs/GameManager.prefab using Guid(de852e0395a2ea142a63ff3d8da08620) Importer(815301076,1909f56bfc062723c751e8b465ee728b)  -> (artifact id: '6383880909732206d9242b40250ee105') in 0.025853 seconds
  Import took 0.028915 seconds .

========================================================================
Received Import Request.
  Time since last request: 2.036015 seconds.
  path: Assets/Prefabs/GameManager.prefab
  artifactKey: Guid(de852e0395a2ea142a63ff3d8da08620) Importer(815301076,1909f56bfc062723c751e8b465ee728b)
Start importing Assets/Prefabs/GameManager.prefab using Guid(de852e0395a2ea142a63ff3d8da08620) Importer(815301076,1909f56bfc062723c751e8b465ee728b)  -> (artifact id: '7b5561b9fef61bd768d78937cb8b2f7b') in 0.027352 seconds
  Import took 0.030761 seconds .

========================================================================
Received Import Request.
  Time since last request: 1.178878 seconds.
  path: Assets/Prefabs/GameManager.prefab
  artifactKey: Guid(de852e0395a2ea142a63ff3d8da08620) Importer(815301076,1909f56bfc062723c751e8b465ee728b)
Start importing Assets/Prefabs/GameManager.prefab using Guid(de852e0395a2ea142a63ff3d8da08620) Importer(815301076,1909f56bfc062723c751e8b465ee728b)  -> (artifact id: 'fa5d9bcb630b9e38375a9ff25915855c') in 0.026055 seconds
  Import took 0.029090 seconds .

========================================================================
Received Import Request.
  Time since last request: 1.383071 seconds.
  path: Assets/Prefabs/GameManager.prefab
  artifactKey: Guid(de852e0395a2ea142a63ff3d8da08620) Importer(815301076,1909f56bfc062723c751e8b465ee728b)
Start importing Assets/Prefabs/GameManager.prefab using Guid(de852e0395a2ea142a63ff3d8da08620) Importer(815301076,1909f56bfc062723c751e8b465ee728b)  -> (artifact id: 'd6968ed318debd6da13579f9d3be2912') in 0.026943 seconds
  Import took 0.030472 seconds .

========================================================================
Received Import Request.
  Time since last request: 1.381381 seconds.
  path: Assets/Prefabs/GameManager.prefab
  artifactKey: Guid(de852e0395a2ea142a63ff3d8da08620) Importer(815301076,1909f56bfc062723c751e8b465ee728b)
Start importing Assets/Prefabs/GameManager.prefab using Guid(de852e0395a2ea142a63ff3d8da08620) Importer(815301076,1909f56bfc062723c751e8b465ee728b)  -> (artifact id: '2b1ac321baa81b8666da7fe8dfe838cf') in 0.026147 seconds
  Import took 0.029653 seconds .

========================================================================
Received Import Request.
  Time since last request: 2.215429 seconds.
  path: Assets/Prefabs/GameManager.prefab
  artifactKey: Guid(de852e0395a2ea142a63ff3d8da08620) Importer(815301076,1909f56bfc062723c751e8b465ee728b)
Start importing Assets/Prefabs/GameManager.prefab using Guid(de852e0395a2ea142a63ff3d8da08620) Importer(815301076,1909f56bfc062723c751e8b465ee728b)  -> (artifact id: 'dbadab61b1fdf9f049be7f8012410e95') in 0.026751 seconds
  Import took 0.030031 seconds .

========================================================================
Received Import Request.
  Time since last request: 29.421390 seconds.
  path: Assets/Resources/FirstPerson.prefab
  artifactKey: Guid(28411ce998c71724fb58c0fc66abbdd5) Importer(815301076,1909f56bfc062723c751e8b465ee728b)
Start importing Assets/Resources/FirstPerson.prefab using Guid(28411ce998c71724fb58c0fc66abbdd5) Importer(815301076,1909f56bfc062723c751e8b465ee728b)  -> (artifact id: '09cddddbe4db1b0e3a4a314837ec658a') in 0.057301 seconds
  Import took 0.060783 seconds .

========================================================================
Received Prepare
Refreshing native plugins compatible for Editor in 1.58 ms, found 0 plugins.
Preloading 0 native plugins for Editor in 0.00 ms.
Unloading 8 Unused Serialized files (Serialized files now loaded: 0)
System memory in use before: 136.6 MB.
System memory in use after: 136.6 MB.

Unloading 11 unused Assets to reduce memory usage. Loaded Objects now: 2234.
Total: 1.985200 ms (FindLiveObjects: 0.179200 ms CreateObjectMapping: 0.043900 ms MarkObjects: 1.682900 ms  DeleteObjects: 0.078500 ms)

========================================================================
Received Prepare
Registering precompiled user dll's ...
Registered in 0.001954 seconds.
Begin MonoManager ReloadAssembly
Native extension for WindowsStandalone target not found
Refreshing native plugins compatible for Editor in 0.38 ms, found 0 plugins.
Preloading 0 native plugins for Editor in 0.00 ms.
Warning: Annotation not found!
UnityEngine.StackTraceUtility:ExtractStackTrace ()
UnityEditor.ProBuilder.EditorUtility:SetGizmoIconEnabled (System.Type,bool) (at Library/PackageCache/com.unity.probuilder@4.4.0/Editor/EditorCore/EditorUtility.cs:593)
UnityEditor.ProBuilder.HierarchyListener:.cctor () (at Library/PackageCache/com.unity.probuilder@4.4.0/Editor/EditorCore/HierarchyListener.cs:21)
System.Runtime.CompilerServices.RuntimeHelpers:RunClassConstructor (System.RuntimeTypeHandle)
UnityEditor.EditorAssemblies:ProcessInitializeOnLoadAttributes (System.Type[])

[Library/PackageCache/com.unity.probuilder@4.4.0/Editor/EditorCore/EditorUtility.cs line 593]

Invoked RoslynAnalysisRunner static constructor.
RoslynAnalysisRunner will not be running.
RoslynAnalysisRunner has terminated.
Mono: successfully reloaded assembly
- Completed reload, in  0.674 seconds
Platform modules already initialized, skipping
Refreshing native plugins compatible for Editor in 0.37 ms, found 0 plugins.
Preloading 0 native plugins for Editor in 0.00 ms.
Unloading 1700 Unused Serialized files (Serialized files now loaded: 0)
System memory in use before: 168.4 MB.
System memory in use after: 168.5 MB.

Unloading 10 unused Assets to reduce memory usage. Loaded Objects now: 2237.
Total: 1.990500 ms (FindLiveObjects: 0.191000 ms CreateObjectMapping: 0.047900 ms MarkObjects: 1.684500 ms  DeleteObjects: 0.066200 ms)

========================================================================
Received Import Request.
  Time since last request: 86.438075 seconds.
  path: Assets/Scenes/PoligoneScene.unity
  artifactKey: Guid(9fc0d4010bbf28b4594072e72b8655ab) Importer(815301076,1909f56bfc062723c751e8b465ee728b)
Start importing Assets/Scenes/PoligoneScene.unity using Guid(9fc0d4010bbf28b4594072e72b8655ab) Importer(815301076,1909f56bfc062723c751e8b465ee728b)  -> (artifact id: 'b6a4b4ff2bf00e7245430ace2e679b78') in 0.009460 seconds
  Import took 0.012075 seconds .

========================================================================
Received Prepare
Registering precompiled user dll's ...
Registered in 0.002204 seconds.
Begin MonoManager ReloadAssembly
Native extension for WindowsStandalone target not found
Refreshing native plugins compatible for Editor in 0.35 ms, found 0 plugins.
Preloading 0 native plugins for Editor in 0.00 ms.
Warning: Annotation not found!
UnityEngine.StackTraceUtility:ExtractStackTrace ()
UnityEditor.ProBuilder.EditorUtility:SetGizmoIconEnabled (System.Type,bool) (at Library/PackageCache/com.unity.probuilder@4.4.0/Editor/EditorCore/EditorUtility.cs:593)
UnityEditor.ProBuilder.HierarchyListener:.cctor () (at Library/PackageCache/com.unity.probuilder@4.4.0/Editor/EditorCore/HierarchyListener.cs:21)
System.Runtime.CompilerServices.RuntimeHelpers:RunClassConstructor (System.RuntimeTypeHandle)
UnityEditor.EditorAssemblies:ProcessInitializeOnLoadAttributes (System.Type[])

[Library/PackageCache/com.unity.probuilder@4.4.0/Editor/EditorCore/EditorUtility.cs line 593]

Invoked RoslynAnalysisRunner static constructor.
RoslynAnalysisRunner will not be running.
RoslynAnalysisRunner has terminated.
Mono: successfully reloaded assembly
- Completed reload, in  0.655 seconds
Platform modules already initialized, skipping
Refreshing native plugins compatible for Editor in 0.35 ms, found 0 plugins.
Preloading 0 native plugins for Editor in 0.00 ms.
Unloading 1700 Unused Serialized files (Serialized files now loaded: 0)
System memory in use before: 168.5 MB.
System memory in use after: 168.5 MB.

Unloading 10 unused Assets to reduce memory usage. Loaded Objects now: 2240.
Total: 2.055500 ms (FindLiveObjects: 0.194400 ms CreateObjectMapping: 0.044900 ms MarkObjects: 1.748600 ms  DeleteObjects: 0.066600 ms)

AssetImportWorkerClient::OnTransportError - code=2 error=End of file
